DataLad/01_Introduction_-_DataLad_0.16_Workshop_-_UKE_Hamburg__virtual_.m	https://www.youtube.com/watch?v=40ZcGp2vHXk	Thu Jun 27 11:45:14 AM KST 2024	ok
DataLad/02_JuypterHub_overview_-_DataLad_0.16_Workshop_-_UKE_Hamburg__virtual_.m	https://www.youtube.com/watch?v=N7wMaaTAyzE	Thu Jun 27 11:45:20 AM KST 2024	ok
DataLad/03_Basics_of_Version_Control_-_DataLad_0.16_Workshop_-_UKE_Hamburg__virtual_.m	https://www.youtube.com/watch?v=IXSE-KtQVBs	Thu Jun 27 11:45:27 AM KST 2024	ok
DataLad/04_Version_control_underneath_the_hood__-_DataLad_0.16_Workshop_-_UKE_Hamburg__virtual_.m	https://www.youtube.com/watch?v=lBj5J7aKnPc	Thu Jun 27 11:45:32 AM KST 2024	ok
DataLad/05_Drop_and_remove_-_DataLad_0.16_Workshop_-_UKE_Hamburg__virtual_.m	https://www.youtube.com/watch?v=iulQIhPqRzQ	Thu Jun 27 11:45:39 AM KST 2024	ok
DataLad/06_Branching__part_1__-_DataLad_0.16_Workshop_-_UKE_Hamburg__virtual_.m	https://www.youtube.com/watch?v=8TyMg9SK35U	Thu Jun 27 11:45:44 AM KST 2024	ok
DataLad/07_Data_publication__part_1__-_DataLad_0.16_Workshop_-_UKE_Hamburg__virtual_.m	https://www.youtube.com/watch?v=WwSp22zVwV8	Thu Jun 27 11:45:50 AM KST 2024	ok
DataLad/08_Data_publication__part_2__-_DataLad_0.16_Workshop_-_UKE_Hamburg__virtual_.m	https://www.youtube.com/watch?v=LQ3gmSOT-Io	Thu Jun 27 11:45:55 AM KST 2024	ok
DataLad/09_Collaboration_-_DataLad_0.16_Workshop_-_UKE_Hamburg__virtual_.m	https://www.youtube.com/watch?v=AuM6bc7-N6U	Thu Jun 27 11:46:01 AM KST 2024	ok
DataLad/10_Preview_of_reproducibility_features_-_DataLad_0.16_Workshop_-_UKE_Hamburg__virtual_.m	https://www.youtube.com/watch?v=AX3lIw9LQbA	Thu Jun 27 11:46:06 AM KST 2024	ok
DataLad/A_hands-on_introduction_to_DataLad.m	https://www.youtube.com/watch?v=_I3JFhJJtW0	Thu Jun 27 11:46:12 AM KST 2024	ok
DataLad/DataLad_-_Decentralized_Distribution_and_Sharing_of_Scientific_Datasets.m	https://www.youtube.com/watch?v=sDP1jhRkKRo	Thu Jun 27 11:46:17 AM KST 2024	ok
DataLad/DataLad__-_Decentralized_Management_of_Digital_Objects_for_Open_Science.m	https://www.youtube.com/watch?v=pIGFS8XDjco	Thu Jun 27 11:46:23 AM KST 2024	ok
DataLad/DataLad_for_Machine_Learning_-_An_Introduction.m	https://www.youtube.com/watch?v=oXd1GPf-Zv4	Thu Jun 27 11:46:28 AM KST 2024	ok
DataLad/DataLad_vs_Git_Git-annex_for_modular_data_management.m	https://www.youtube.com/watch?v=Yrg6DgOcbPE	Thu Jun 27 11:46:38 AM KST 2024	ok
DataLad/Data_versioning_and_transformation_with_DataLad.m	https://www.youtube.com/watch?v=wimd1uhIJ8g	Thu Jun 27 11:46:43 AM KST 2024	ok
DataLad/Demo__Fully_recomputing_a_real_scientific_paper__DIY_.m	https://www.youtube.com/watch?v=nhLqmF58SLQ	Thu Jun 27 11:46:49 AM KST 2024	ok
DataLad/FAIRly_big__A_framework_for_computationally_reproducible_processing_of_large_scale_data.m	https://www.youtube.com/watch?v=YDtEKUWUPTQ	Thu Jun 27 11:46:55 AM KST 2024	ok
DataLad/Follow_the_rabbits__The_2020_OHBM_Brainhack_Traintrack_Session_on_DataLad.m	https://www.youtube.com/watch?v=L5A0MXqFrOY	Thu Jun 27 11:47:00 AM KST 2024	ok
DataLad/How_to_introduce_data_management_technology_without_sinking_the_ship_.m	https://www.youtube.com/watch?v=uH75kYgwLH4	Thu Jun 27 11:47:05 AM KST 2024	ok
DataLad/OHBM_2022_Educational_course__How_to_Write_a_Re-executable_Publication__-_What_is_DataLad_.m	https://www.youtube.com/watch?v=s1zrB_sDbDU	Thu Jun 27 11:47:10 AM KST 2024	ok
DataLad/OHBM_Poster_presentation__2057__FAIRly_big.m	https://www.youtube.com/watch?v=YvZacWgGRZY	Thu Jun 27 11:47:15 AM KST 2024	ok
DataLad/OHBM_Poster_presentation__844__DataCat.m	https://www.youtube.com/watch?v=4GERwj49KFc	Thu Jun 27 11:47:19 AM KST 2024	ok
DataLad/Perpetual_decentralized_management_of_digital_objects_for_collaborative_open_science.m	https://www.youtube.com/watch?v=SJ64rSMD9PU	Thu Jun 27 11:47:24 AM KST 2024	ok
DataLad/Research_Data_Management_01.m	https://www.youtube.com/watch?v=fL3DWzSWFL8	Thu Jun 27 11:47:28 AM KST 2024	ok
DataLad/Research_Data_Management_02.m	https://www.youtube.com/watch?v=GrOfE8jv12s	Thu Jun 27 11:47:32 AM KST 2024	ok
DataLad/Research_Data_Management_03.m	https://www.youtube.com/watch?v=lO4yfl30_uc	Thu Jun 27 11:47:37 AM KST 2024	ok
DataLad/Research_Data_Management_04.m	https://www.youtube.com/watch?v=3ePgH-kK8h8	Thu Jun 27 11:47:41 AM KST 2024	ok
DataLad/What_is_DataLad_.m	https://www.youtube.com/watch?v=IN0vowZ67vs	Thu Jun 27 11:47:46 AM KST 2024	ok
